<?xml version="1.0" encoding="UTF-8"?>
<!-- Generated by org.testng.reporters.JUnitXMLReporter -->
<testsuite ignored="0" hostname="Utkarsha" failures="0" tests="5" name="Default test" time="4.001" errors="0" timestamp="2024-05-21T18:54:24 IST">
  <testcase classname="com.test.Demo.ExchangRate_API_Test" name="testAPIStatusCode" time="0.011"/>
  <testcase classname="com.test.Demo.ExchangRate_API_Test" name="testJSONSchema" time="0.491"/>
  <testcase classname="com.test.Demo.ExchangRate_API_Test" name="testOneSixtyTwoCurrencyPairs" time="0.628"/>
  <testcase classname="com.test.Demo.ExchangRate_API_Test" name="testResponseTime" time="0.037"/>
  <testcase classname="com.test.Demo.ExchangRate_API_Test" name="testUSDPriceAgainstAED" time="0.033"/>
</testsuite> <!-- Default test -->
