<?xml version="1.0" encoding="UTF-8"?>
<testng-results ignored="0" total="5" passed="5" failed="0" skipped="0">
  <reporter-output>
  </reporter-output>
  <suite started-at="2024-05-21T18:54:20 IST" name="Default suite" finished-at="2024-05-21T18:54:24 IST" duration-ms="4001">
    <groups>
    </groups>
    <test started-at="2024-05-21T18:54:20 IST" name="Default test" finished-at="2024-05-21T18:54:24 IST" duration-ms="4001">
      <class name="com.test.Demo.ExchangRate_API_Test">
        <test-method is-config="true" signature="setUp()[pri:0, instance:com.test.Demo.ExchangRate_API_Test@19bb07ed]" started-at="2024-05-21T18:54:20 IST" name="setUp" finished-at="2024-05-21T18:54:22 IST" duration-ms="1993" status="PASS">
          <reporter-output>
          </reporter-output>
        </test-method> <!-- setUp -->
        <test-method signature="testAPIStatusCode()[pri:0, instance:com.test.Demo.ExchangRate_API_Test@19bb07ed]" started-at="2024-05-21T18:54:22 IST" name="testAPIStatusCode" finished-at="2024-05-21T18:54:22 IST" duration-ms="11" status="PASS">
          <reporter-output>
          </reporter-output>
        </test-method> <!-- testAPIStatusCode -->
        <test-method is-config="true" signature="setUp()[pri:0, instance:com.test.Demo.ExchangRate_API_Test@19bb07ed]" started-at="2024-05-21T18:54:22 IST" name="setUp" finished-at="2024-05-21T18:54:22 IST" duration-ms="168" status="PASS">
          <reporter-output>
          </reporter-output>
        </test-method> <!-- setUp -->
        <test-method signature="testJSONSchema()[pri:0, instance:com.test.Demo.ExchangRate_API_Test@19bb07ed]" started-at="2024-05-21T18:54:22 IST" name="testJSONSchema" finished-at="2024-05-21T18:54:23 IST" duration-ms="491" status="PASS">
          <reporter-output>
          </reporter-output>
        </test-method> <!-- testJSONSchema -->
        <test-method is-config="true" signature="setUp()[pri:0, instance:com.test.Demo.ExchangRate_API_Test@19bb07ed]" started-at="2024-05-21T18:54:23 IST" name="setUp" finished-at="2024-05-21T18:54:23 IST" duration-ms="237" status="PASS">
          <reporter-output>
          </reporter-output>
        </test-method> <!-- setUp -->
        <test-method signature="testOneSixtyTwoCurrencyPairs()[pri:0, instance:com.test.Demo.ExchangRate_API_Test@19bb07ed]" started-at="2024-05-21T18:54:23 IST" name="testOneSixtyTwoCurrencyPairs" finished-at="2024-05-21T18:54:23 IST" duration-ms="628" status="PASS">
          <reporter-output>
          </reporter-output>
        </test-method> <!-- testOneSixtyTwoCurrencyPairs -->
        <test-method is-config="true" signature="setUp()[pri:0, instance:com.test.Demo.ExchangRate_API_Test@19bb07ed]" started-at="2024-05-21T18:54:23 IST" name="setUp" finished-at="2024-05-21T18:54:24 IST" duration-ms="160" status="PASS">
          <reporter-output>
          </reporter-output>
        </test-method> <!-- setUp -->
        <test-method signature="testResponseTime()[pri:0, instance:com.test.Demo.ExchangRate_API_Test@19bb07ed]" started-at="2024-05-21T18:54:24 IST" name="testResponseTime" finished-at="2024-05-21T18:54:24 IST" duration-ms="37" status="PASS">
          <reporter-output>
          </reporter-output>
        </test-method> <!-- testResponseTime -->
        <test-method is-config="true" signature="setUp()[pri:0, instance:com.test.Demo.ExchangRate_API_Test@19bb07ed]" started-at="2024-05-21T18:54:24 IST" name="setUp" finished-at="2024-05-21T18:54:24 IST" duration-ms="186" status="PASS">
          <reporter-output>
          </reporter-output>
        </test-method> <!-- setUp -->
        <test-method signature="testUSDPriceAgainstAED()[pri:0, instance:com.test.Demo.ExchangRate_API_Test@19bb07ed]" started-at="2024-05-21T18:54:24 IST" name="testUSDPriceAgainstAED" finished-at="2024-05-21T18:54:24 IST" duration-ms="33" status="PASS">
          <reporter-output>
          </reporter-output>
        </test-method> <!-- testUSDPriceAgainstAED -->
      </class> <!-- com.test.Demo.ExchangRate_API_Test -->
    </test> <!-- Default test -->
  </suite> <!-- Default suite -->
</testng-results>
